\BOOKMARK [1][-]{table.caption.2}{Table of Contents}{}% 1
\BOOKMARK [1][-]{section*.3}{List of Figures}{}% 2
\BOOKMARK [1][-]{section*.4}{List of Tables}{}% 3
\BOOKMARK [1][-]{section.1}{Introduction}{}% 4
\BOOKMARK [2][-]{subsection.1.1}{Purpose}{section.1}% 5
\BOOKMARK [2][-]{subsection.1.2}{Scope}{section.1}% 6
\BOOKMARK [2][-]{subsection.1.3}{Definitions, Acronyms, Abbreviations}{section.1}% 7
\BOOKMARK [3][-]{subsubsection.1.3.1}{Acronyms}{subsection.1.3}% 8
\BOOKMARK [3][-]{subsubsection.1.3.2}{Abbreviations}{subsection.1.3}% 9
\BOOKMARK [2][-]{subsection.1.4}{Revision History}{section.1}% 10
\BOOKMARK [2][-]{subsection.1.5}{Reference Document}{section.1}% 11
\BOOKMARK [2][-]{subsection.1.6}{Document Structure}{section.1}% 12
\BOOKMARK [1][-]{section.2}{Architectural Design}{}% 13
\BOOKMARK [2][-]{subsection.2.1}{Overview}{section.2}% 14
\BOOKMARK [2][-]{subsection.2.2}{High level components and their interactions}{section.2}% 15
\BOOKMARK [2][-]{subsection.2.3}{Component view}{section.2}% 16
\BOOKMARK [2][-]{subsection.2.4}{Deployment view}{section.2}% 17
\BOOKMARK [2][-]{subsection.2.5}{Runtime view}{section.2}% 18
\BOOKMARK [2][-]{subsection.2.6}{Component interfaces}{section.2}% 19
\BOOKMARK [2][-]{subsection.2.7}{Selected architectural styles and patterns}{section.2}% 20
\BOOKMARK [2][-]{subsection.2.8}{Other design decisions}{section.2}% 21
\BOOKMARK [1][-]{section.3}{Algorithm Design}{}% 22
\BOOKMARK [2][-]{subsection.3.1}{Check overlapping}{section.3}% 23
\BOOKMARK [2][-]{subsection.3.2}{Add appointments and routes}{section.3}% 24
\BOOKMARK [2][-]{subsection.3.3}{Remove routes of an appointment}{section.3}% 25
\BOOKMARK [2][-]{subsection.3.4}{Remove an appointment}{section.3}% 26
\BOOKMARK [2][-]{subsection.3.5}{Updating an appointment}{section.3}% 27
\BOOKMARK [2][-]{subsection.3.6}{Calculating a route}{section.3}% 28
\BOOKMARK [1][-]{section.4}{User Interface Design}{}% 29
\BOOKMARK [2][-]{subsection.4.1}{Mock ups}{section.4}% 30
\BOOKMARK [2][-]{subsection.4.2}{UX diagram}{section.4}% 31
\BOOKMARK [1][-]{section.5}{Requirements Traceability}{}% 32
\BOOKMARK [1][-]{section.6}{Implementation, Integration and Test Plan}{}% 33
\BOOKMARK [2][-]{subsection.6.1}{Integration conditions}{section.6}% 34
\BOOKMARK [3][-]{subsubsection.6.1.1}{Entry Criteria}{subsection.6.1}% 35
\BOOKMARK [3][-]{subsubsection.6.1.2}{Elements to be integrated}{subsection.6.1}% 36
\BOOKMARK [2][-]{subsection.6.2}{Implementation, Integration Strategy}{section.6}% 37
\BOOKMARK [3][-]{subsubsection.6.2.1}{Integration sequence}{subsection.6.2}% 38
\BOOKMARK [3][-]{subsubsection.6.2.2}{Test Strategy}{subsection.6.2}% 39
\BOOKMARK [1][-]{section.7}{Effort Spent}{}% 40
\BOOKMARK [1][-]{section*.38}{References}{}% 41
