\BOOKMARK [1][-]{table.caption.2}{Table of Contents}{}% 1
\BOOKMARK [1][-]{section*.3}{List of Figures}{}% 2
\BOOKMARK [1][-]{section*.4}{List of Tables}{}% 3
\BOOKMARK [1][-]{section.1}{Introduction}{}% 4
\BOOKMARK [2][-]{subsection.1.1}{Purpose}{section.1}% 5
\BOOKMARK [2][-]{subsection.1.2}{Scope}{section.1}% 6
\BOOKMARK [3][-]{subsubsection.1.2.1}{System description}{subsection.1.2}% 7
\BOOKMARK [3][-]{subsubsection.1.2.2}{World Phenomena}{subsection.1.2}% 8
\BOOKMARK [3][-]{subsubsection.1.2.3}{Goals}{subsection.1.2}% 9
\BOOKMARK [2][-]{subsection.1.3}{Definitions, Acronyms, Abbreviations}{section.1}% 10
\BOOKMARK [3][-]{subsubsection.1.3.1}{Definitions}{subsection.1.3}% 11
\BOOKMARK [3][-]{subsubsection.1.3.2}{Acronyms}{subsection.1.3}% 12
\BOOKMARK [3][-]{subsubsection.1.3.3}{Abbreviations}{subsection.1.3}% 13
\BOOKMARK [2][-]{subsection.1.4}{Revision history}{section.1}% 14
\BOOKMARK [2][-]{subsection.1.5}{References}{section.1}% 15
\BOOKMARK [2][-]{subsection.1.6}{Document Structure}{section.1}% 16
\BOOKMARK [1][-]{section.2}{Overall Description}{}% 17
\BOOKMARK [2][-]{subsection.2.1}{Product perspective}{section.2}% 18
\BOOKMARK [3][-]{subsubsection.2.1.1}{User interfaces}{subsection.2.1}% 19
\BOOKMARK [3][-]{subsubsection.2.1.2}{System interfaces}{subsection.2.1}% 20
\BOOKMARK [3][-]{subsubsection.2.1.3}{Software interfaces}{subsection.2.1}% 21
\BOOKMARK [2][-]{subsection.2.2}{Product functions}{section.2}% 22
\BOOKMARK [3][-]{subsubsection.2.2.1}{Preference profile creation}{subsection.2.2}% 23
\BOOKMARK [3][-]{subsubsection.2.2.2}{Appointment insertion}{subsection.2.2}% 24
\BOOKMARK [3][-]{subsubsection.2.2.3}{Appointment modification}{subsection.2.2}% 25
\BOOKMARK [3][-]{subsubsection.2.2.4}{Change travel route}{subsection.2.2}% 26
\BOOKMARK [3][-]{subsubsection.2.2.5}{Route choice}{subsection.2.2}% 27
\BOOKMARK [3][-]{subsubsection.2.2.6}{User Registration}{subsection.2.2}% 28
\BOOKMARK [3][-]{subsubsection.2.2.7}{User login}{subsection.2.2}% 29
\BOOKMARK [2][-]{subsection.2.3}{User characteristics}{section.2}% 30
\BOOKMARK [2][-]{subsection.2.4}{Assumptions}{section.2}% 31
\BOOKMARK [1][-]{section.3}{Specific Requirements}{}% 32
\BOOKMARK [2][-]{subsection.3.1}{Hardware Constraint}{section.3}% 33
\BOOKMARK [2][-]{subsection.3.2}{Functional Requirements}{section.3}% 34
\BOOKMARK [2][-]{subsection.3.3}{Software System Attributes}{section.3}% 35
\BOOKMARK [3][-]{subsubsection.3.3.1}{Performance}{subsection.3.3}% 36
\BOOKMARK [3][-]{subsubsection.3.3.2}{Reliability}{subsection.3.3}% 37
\BOOKMARK [3][-]{subsubsection.3.3.3}{Security}{subsection.3.3}% 38
\BOOKMARK [3][-]{subsubsection.3.3.4}{Scalability}{subsection.3.3}% 39
\BOOKMARK [3][-]{subsubsection.3.3.5}{Accuracy}{subsection.3.3}% 40
\BOOKMARK [2][-]{subsection.3.4}{More Non Functional Requirements}{section.3}% 41
\BOOKMARK [3][-]{subsubsection.3.4.1}{Licensing}{subsection.3.4}% 42
\BOOKMARK [2][-]{subsection.3.5}{Scenarios}{section.3}% 43
\BOOKMARK [3][-]{subsubsection.3.5.1}{Scenario 1}{subsection.3.5}% 44
\BOOKMARK [3][-]{subsubsection.3.5.2}{Scenario 2}{subsection.3.5}% 45
\BOOKMARK [3][-]{subsubsection.3.5.3}{Scenario 3}{subsection.3.5}% 46
\BOOKMARK [3][-]{subsubsection.3.5.4}{Scenario 4}{subsection.3.5}% 47
\BOOKMARK [3][-]{subsubsection.3.5.5}{Scenario 5}{subsection.3.5}% 48
\BOOKMARK [3][-]{subsubsection.3.5.6}{Scenario 6}{subsection.3.5}% 49
\BOOKMARK [3][-]{subsubsection.3.5.7}{Scenario 7}{subsection.3.5}% 50
\BOOKMARK [3][-]{subsubsection.3.5.8}{Scenario 8}{subsection.3.5}% 51
\BOOKMARK [2][-]{subsection.3.6}{Use case description and diagram}{section.3}% 52
\BOOKMARK [1][-]{section.4}{Formal Analysis Using Alloy}{}% 53
\BOOKMARK [2][-]{subsection.4.1}{Signatures}{section.4}% 54
\BOOKMARK [2][-]{subsection.4.2}{Facts}{section.4}% 55
\BOOKMARK [2][-]{subsection.4.3}{Predicates}{section.4}% 56
\BOOKMARK [2][-]{subsection.4.4}{Results}{section.4}% 57
\BOOKMARK [2][-]{subsection.4.5}{World}{section.4}% 58
\BOOKMARK [1][-]{section.5}{Effort Spent}{}% 59
\BOOKMARK [2][-]{subsection.5.1}{Fiorillo}{section.5}% 60
\BOOKMARK [2][-]{subsection.5.2}{Daverio}{section.5}% 61
